<?xml version="1.0" encoding="UTF-8"?>
<!-- Generated by org.testng.reporters.JUnitReportReporter -->
<testsuite hostname="KalaivaniRajaram" failures="0" tests="1" name="MockTestScript.TestCase29" time="26.754" errors="0" timestamp="2024-04-30T19:20:12 IST" skipped="0">
  <testcase classname="MockTestScript.TestCase29" name="TestCase29" time="26.754"/>
</testsuite> <!-- MockTestScript.TestCase29 -->
