<?xml version="1.0" encoding="UTF-8"?>
<!-- Generated by org.testng.reporters.JUnitReportReporter -->
<testsuite hostname="KalaivaniRajaram" failures="0" tests="1" name="MockTestScript.TestCase23" time="16.845" errors="0" timestamp="2024-04-30T19:20:12 IST" skipped="0">
  <testcase classname="MockTestScript.TestCase23" name="TestCase23" time="16.845"/>
</testsuite> <!-- MockTestScript.TestCase23 -->
