<?xml version="1.0" encoding="UTF-8"?>
<!-- Generated by org.testng.reporters.JUnitReportReporter -->
<testsuite hostname="KalaivaniRajaram" failures="0" tests="1" name="MockDemoWen.RegisterLinkLogin" time="50.647" errors="0" timestamp="2024-04-27T15:15:58 IST" skipped="0">
  <testcase classname="MockDemoWen.RegisterLinkLogin" name="TestCase_01" time="50.647"/>
</testsuite> <!-- MockDemoWen.RegisterLinkLogin -->
