<?xml version="1.0" encoding="UTF-8"?>
<!-- Generated by org.testng.reporters.JUnitReportReporter -->
<testsuite hostname="KalaivaniRajaram" failures="0" tests="1" name="MockTestScript.TestCase008" time="7.798" errors="0" timestamp="2024-05-02T16:02:19 IST" skipped="0">
  <testcase classname="MockTestScript.TestCase008" name="TestCase008" time="7.798"/>
</testsuite> <!-- MockTestScript.TestCase008 -->
