<?xml version="1.0" encoding="UTF-8"?>
<!-- Generated by org.testng.reporters.JUnitReportReporter -->
<testsuite hostname="KalaivaniRajaram" failures="0" tests="5" name="testScrips.PriorityAndDependsMethosTest" time="236.173" errors="0" timestamp="2024-04-30T15:58:07 IST" skipped="0">
  <testcase classname="testScrips.PriorityAndDependsMethosTest" name="ConformPayment" time="18.057"/>
  <testcase classname="testScrips.PriorityAndDependsMethosTest" name="Register" time="41.241"/>
  <testcase classname="testScrips.PriorityAndDependsMethosTest" name="AddToCard" time="76.174"/>
  <testcase classname="testScrips.PriorityAndDependsMethosTest" name="Login" time="65.231"/>
  <testcase classname="testScrips.PriorityAndDependsMethosTest" name="Payment" time="35.470"/>
</testsuite> <!-- testScrips.PriorityAndDependsMethosTest -->
