<?xml version="1.0" encoding="UTF-8"?>
<!-- Generated by org.testng.reporters.JUnitReportReporter -->
<testsuite hostname="KalaivaniRajaram" failures="0" tests="1" name="MockTestScript.TestCase10" time="4.548" errors="0" timestamp="2024-05-02T16:02:19 IST" skipped="0">
  <testcase classname="MockTestScript.TestCase10" name="TestCase009" time="4.548"/>
</testsuite> <!-- MockTestScript.TestCase10 -->
