<?xml version="1.0" encoding="UTF-8"?>
<!-- Generated by org.testng.reporters.JUnitReportReporter -->
<testsuite hostname="KalaivaniRajaram" failures="0" tests="1" name="MockTestScript.TestCase25" time="26.191" errors="0" timestamp="2024-04-30T19:20:12 IST" skipped="0">
  <testcase classname="MockTestScript.TestCase25" name="TestCase25" time="26.191"/>
</testsuite> <!-- MockTestScript.TestCase25 -->
