<?xml version="1.0" encoding="UTF-8"?>
<!-- Generated by org.testng.reporters.JUnitReportReporter -->
<testsuite hostname="KalaivaniRajaram" failures="0" tests="1" name="MockDemoWen.BookLinkPage" time="24.850" errors="0" timestamp="2024-04-30T20:35:18 IST" skipped="0">
  <testcase classname="MockDemoWen.BookLinkPage" name="TestCase_004" time="24.850"/>
</testsuite> <!-- MockDemoWen.BookLinkPage -->
