<?xml version="1.0" encoding="UTF-8"?>
<!-- Generated by org.testng.reporters.JUnitReportReporter -->
<testsuite hostname="KalaivaniRajaram" failures="0" tests="2" name="testScrips.RegisterTest" time="399.864" errors="0" timestamp="2024-04-30T15:58:07 IST" skipped="0">
  <testcase classname="testScrips.RegisterTest" name="register_001" time="187.164"/>
  <testcase classname="testScrips.RegisterTest" name="register_002" time="212.700"/>
</testsuite> <!-- testScrips.RegisterTest -->
