<?xml version="1.0" encoding="UTF-8"?>
<!-- Generated by org.testng.reporters.JUnitReportReporter -->
<testsuite hostname="KalaivaniRajaram" failures="0" tests="1" name="MockTestScript.TestCase13" time="24.524" errors="0" timestamp="2024-04-30T19:44:47 IST" skipped="0">
  <testcase classname="MockTestScript.TestCase13" name="TestCase13" time="24.524"/>
</testsuite> <!-- MockTestScript.TestCase13 -->
