<?xml version="1.0" encoding="UTF-8"?>
<!-- Generated by org.testng.reporters.JUnitReportReporter -->
<testsuite hostname="KalaivaniRajaram" failures="0" tests="1" name="testScrips.BooksLinks" time="222.439" errors="0" timestamp="2024-04-30T15:58:07 IST" skipped="0">
  <testcase classname="testScrips.BooksLinks" name="Book_001" time="222.439"/>
</testsuite> <!-- testScrips.BooksLinks -->
