<?xml version="1.0" encoding="UTF-8"?>
<!-- Generated by org.testng.reporters.JUnitReportReporter -->
<testsuite hostname="KalaivaniRajaram" failures="0" tests="1" name="MockDemoWen.BookPageTest" time="47.960" errors="0" timestamp="2024-04-30T15:19:59 IST" skipped="0">
  <testcase classname="MockDemoWen.BookPageTest" name="TestCase_005" time="47.960"/>
</testsuite> <!-- MockDemoWen.BookPageTest -->
