<?xml version="1.0" encoding="UTF-8"?>
<!-- Generated by org.testng.reporters.JUnitReportReporter -->
<testsuite hostname="KalaivaniRajaram" failures="0" tests="1" name="MockTestScript.TestCase17" time="14.228" errors="0" timestamp="2024-04-30T19:20:12 IST" skipped="0">
  <testcase classname="MockTestScript.TestCase17" name="TestCase17" time="14.228"/>
</testsuite> <!-- MockTestScript.TestCase17 -->
